# JRE version: OpenJDK Runtime Environment (8.0_212-b04) (build 1.8.0_212-release-1586-b04)
# Java VM: OpenJDK 64-Bit Server VM (25.212-b04 mixed mode windows-amd64 compressed oops)
Heap:
 PSYoungGen      total 501248K, used 284743K [0x00000000e0000000, 0x0000000100000000, 0x0000000100000000)
  eden space 478720K, 59% used [0x00000000e0000000,0x00000000f1521fc8,0x00000000fd380000)
  from space 22528K, 4% used [0x00000000fd380000,0x00000000fd470010,0x00000000fe980000)
  to   space 23040K, 0% used [0x00000000fe980000,0x00000000fe980000,0x0000000100000000)
 ParOldGen       total 203776K, used 114828K [0x00000000a0000000, 0x00000000ac700000, 0x00000000e0000000)
  object space 203776K, 56% used [0x00000000a0000000,0x00000000a7023250,0x00000000ac700000)
 Metaspace       used 101070K, capacity 105432K, committed 106496K, reserved 1142784K
  class space    used 13003K, capacity 13895K, committed 14080K, reserved 1048576K
GC Heap History (10 events):
Event: 3394.979 GC heap before
{Heap before GC invocations=31 (full 4):
 PSYoungGen      total 352768K, used 345921K [0x00000000e0000000, 0x00000000f7280000, 0x0000000100000000)
  eden space 330752K, 100% used [0x00000000e0000000,0x00000000f4300000,0x00000000f4300000)
  from space 22016K, 68% used [0x00000000f5900000,0x00000000f67d0730,0x00000000f6e80000)
  to   space 22528K, 0% used [0x00000000f4300000,0x00000000f4300000,0x00000000f5900000)
 ParOldGen       total 203776K, used 76094K [0x00000000a0000000, 0x00000000ac700000, 0x00000000e0000000)
  object space 203776K, 37% used [0x00000000a0000000,0x00000000a4a4fb20,0x00000000ac700000)
 Metaspace       used 100753K, capacity 105060K, committed 106240K, reserved 1140736K
  class space    used 12978K, capacity 13851K, committed 14080K, reserved 1048576K
Event: 3394.992 GC heap after
Heap after GC invocations=31 (full 4):
 PSYoungGen      total 353280K, used 4720K [0x00000000e0000000, 0x00000000fbd00000, 0x0000000100000000)
  eden space 330752K, 0% used [0x00000000e0000000,0x00000000e0000000,0x00000000f4300000)
  from space 22528K, 20% used [0x00000000f4300000,0x00000000f479c288,0x00000000f5900000)
  to   space 22528K, 0% used [0x00000000fa700000,0x00000000fa700000,0x00000000fbd00000)
 ParOldGen       total 203776K, used 88475K [0x00000000a0000000, 0x00000000ac700000, 0x00000000e0000000)
  object space 203776K, 43% used [0x00000000a0000000,0x00000000a5666f38,0x00000000ac700000)
 Metaspace       used 100753K, capacity 105060K, committed 106240K, reserved 1140736K
  class space    used 12978K, capacity 13851K, committed 14080K, reserved 1048576K
}
Event: 3395.326 GC heap before
{Heap before GC invocations=32 (full 4):
 PSYoungGen      total 353280K, used 335472K [0x00000000e0000000, 0x00000000fbd00000, 0x0000000100000000)
  eden space 330752K, 100% used [0x00000000e0000000,0x00000000f4300000,0x00000000f4300000)
  from space 22528K, 20% used [0x00000000f4300000,0x00000000f479c288,0x00000000f5900000)
  to   space 22528K, 0% used [0x00000000fa700000,0x00000000fa700000,0x00000000fbd00000)
 ParOldGen       total 203776K, used 88477K [0x00000000a0000000, 0x00000000ac700000, 0x00000000e0000000)
  object space 203776K, 43% used [0x00000000a0000000,0x00000000a5667588,0x00000000ac700000)
 Metaspace       used 100794K, capacity 105136K, committed 106496K, reserved 1142784K
  class space    used 12978K, capacity 13851K, committed 14080K, reserved 1048576K
Event: 3395.336 GC heap after
Heap after GC invocations=32 (full 4):
 PSYoungGen      total 431104K, used 7545K [0x00000000e0000000, 0x00000000fbb80000, 0x0000000100000000)
  eden space 410112K, 0% used [0x00000000e0000000,0x00000000e0000000,0x00000000f9080000)
  from space 20992K, 35% used [0x00000000fa700000,0x00000000fae5e538,0x00000000fbb80000)
  to   space 22016K, 0% used [0x00000000f9080000,0x00000000f9080000,0x00000000fa600000)
 ParOldGen       total 203776K, used 90718K [0x00000000a0000000, 0x00000000ac700000, 0x00000000e0000000)
  object space 203776K, 44% used [0x00000000a0000000,0x00000000a5897850,0x00000000ac700000)
 Metaspace       used 100794K, capacity 105136K, committed 106496K, reserved 1142784K
  class space    used 12978K, capacity 13851K, committed 14080K, reserved 1048576K
}
Event: 3395.724 GC heap before
{Heap before GC invocations=33 (full 4):
 PSYoungGen      total 431104K, used 417657K [0x00000000e0000000, 0x00000000fbb80000, 0x0000000100000000)
  eden space 410112K, 100% used [0x00000000e0000000,0x00000000f9080000,0x00000000f9080000)
  from space 20992K, 35% used [0x00000000fa700000,0x00000000fae5e538,0x00000000fbb80000)
  to   space 22016K, 0% used [0x00000000f9080000,0x00000000f9080000,0x00000000fa600000)
 ParOldGen       total 203776K, used 90718K [0x00000000a0000000, 0x00000000ac700000, 0x00000000e0000000)
  object space 203776K, 44% used [0x00000000a0000000,0x00000000a5897850,0x00000000ac700000)
 Metaspace       used 100805K, capacity 105140K, committed 106496K, reserved 1142784K
  class space    used 12978K, capacity 13851K, committed 14080K, reserved 1048576K
Event: 3395.744 GC heap after
Heap after GC invocations=33 (full 4):
 PSYoungGen      total 432128K, used 16353K [0x00000000e0000000, 0x0000000100000000, 0x0000000100000000)
  eden space 410112K, 0% used [0x00000000e0000000,0x00000000e0000000,0x00000000f9080000)
  from space 22016K, 74% used [0x00000000f9080000,0x00000000fa078558,0x00000000fa600000)
  to   space 23040K, 0% used [0x00000000fe980000,0x00000000fe980000,0x0000000100000000)
 ParOldGen       total 203776K, used 96236K [0x00000000a0000000, 0x00000000ac700000, 0x00000000e0000000)
  object space 203776K, 47% used [0x00000000a0000000,0x00000000a5dfb210,0x00000000ac700000)
 Metaspace       used 100805K, capacity 105140K, committed 106496K, reserved 1142784K
  class space    used 12978K, capacity 13851K, committed 14080K, reserved 1048576K
}
Event: 3396.126 GC heap before
{Heap before GC invocations=34 (full 4):
 PSYoungGen      total 432128K, used 426465K [0x00000000e0000000, 0x0000000100000000, 0x0000000100000000)
  eden space 410112K, 100% used [0x00000000e0000000,0x00000000f9080000,0x00000000f9080000)
  from space 22016K, 74% used [0x00000000f9080000,0x00000000fa078558,0x00000000fa600000)
  to   space 23040K, 0% used [0x00000000fe980000,0x00000000fe980000,0x0000000100000000)
 ParOldGen       total 203776K, used 96238K [0x00000000a0000000, 0x00000000ac700000, 0x00000000e0000000)
  object space 203776K, 47% used [0x00000000a0000000,0x00000000a5dfbaa0,0x00000000ac700000)
 Metaspace       used 100834K, capacity 105140K, committed 106496K, reserved 1142784K
  class space    used 12978K, capacity 13851K, committed 14080K, reserved 1048576K
Event: 3396.145 GC heap after
Heap after GC invocations=34 (full 4):
 PSYoungGen      total 501760K, used 6914K [0x00000000e0000000, 0x0000000100000000, 0x0000000100000000)
  eden space 478720K, 0% used [0x00000000e0000000,0x00000000e0000000,0x00000000fd380000)
  from space 23040K, 30% used [0x00000000fe980000,0x00000000ff040b78,0x0000000100000000)
  to   space 22528K, 0% used [0x00000000fd380000,0x00000000fd380000,0x00000000fe980000)
 ParOldGen       total 203776K, used 109744K [0x00000000a0000000, 0x00000000ac700000, 0x00000000e0000000)
  object space 203776K, 53% used [0x00000000a0000000,0x00000000a6b2c1c8,0x00000000ac700000)
 Metaspace       used 100834K, capacity 105140K, committed 106496K, reserved 1142784K
  class space    used 12978K, capacity 13851K, committed 14080K, reserved 1048576K
}
Event: 3396.172 GC heap before
{Heap before GC invocations=35 (full 4):
 PSYoungGen      total 501760K, used 48413K [0x00000000e0000000, 0x0000000100000000, 0x0000000100000000)
  eden space 478720K, 8% used [0x00000000e0000000,0x00000000e28868c0,0x00000000fd380000)
  from space 23040K, 30% used [0x00000000fe980000,0x00000000ff040b78,0x0000000100000000)
  to   space 22528K, 0% used [0x00000000fd380000,0x00000000fd380000,0x00000000fe980000)
 ParOldGen       total 203776K, used 109744K [0x00000000a0000000, 0x00000000ac700000, 0x00000000e0000000)
  object space 203776K, 53% used [0x00000000a0000000,0x00000000a6b2c1c8,0x00000000ac700000)
 Metaspace       used 100840K, capacity 105140K, committed 106496K, reserved 1142784K
  class space    used 12978K, capacity 13851K, committed 14080K, reserved 1048576K
Event: 3396.181 GC heap after
Heap after GC invocations=35 (full 4):
 PSYoungGen      total 501248K, used 960K [0x00000000e0000000, 0x0000000100000000, 0x0000000100000000)
  eden space 478720K, 0% used [0x00000000e0000000,0x00000000e0000000,0x00000000fd380000)
  from space 22528K, 4% used [0x00000000fd380000,0x00000000fd470010,0x00000000fe980000)
  to   space 23040K, 0% used [0x00000000fe980000,0x00000000fe980000,0x0000000100000000)
 ParOldGen       total 203776K, used 114828K [0x00000000a0000000, 0x00000000ac700000, 0x00000000e0000000)
  object space 203776K, 56% used [0x00000000a0000000,0x00000000a7023250,0x00000000ac700000)
 Metaspace       used 100840K, capacity 105140K, committed 106496K, reserved 1142784K
  class space    used 12978K, capacity 13851K, committed 14080K, reserved 1048576K
}

